<?xml version="1.0" encoding="UTF-8"?>
<testng-results ignored="0" total="2" passed="1" failed="1" skipped="0">
  <reporter-output>
  </reporter-output>
  <suite started-at="2024-02-14T18:37:36Z" name="FlightQedge Test Suite" finished-at="2024-02-14T18:37:51Z" duration-ms="15665">
    <groups>
    </groups>
    <test started-at="2024-02-14T18:37:36Z" name="User login With Valid Inputs" finished-at="2024-02-14T18:37:40Z" duration-ms="4873">
      <class name="flightQEdge.testCases.UserLoginWithValidInputs">
        <test-method signature="userLogin(java.lang.String, java.lang.String)[pri:0, instance:flightQEdge.testCases.UserLoginWithValidInputs@35dab4eb]" started-at="2024-02-14T18:37:36Z" name="userLogin" finished-at="2024-02-14T18:37:40Z" duration-ms="4854" status="PASS">
          <params>
            <param index="0">
              <value>
                <![CDATA[vinodkumarpv1994@gmail.com]]>
              </value>
            </param>
            <param index="1">
              <value>
                <![CDATA[Kumar@1994]]>
              </value>
            </param>
          </params>
          <reporter-output>
          </reporter-output>
        </test-method> <!-- userLogin -->
      </class> <!-- flightQEdge.testCases.UserLoginWithValidInputs -->
    </test> <!-- User login With Valid Inputs -->
    <test started-at="2024-02-14T18:37:41Z" name="Book Flight Ticket" finished-at="2024-02-14T18:37:51Z" duration-ms="10735">
      <class name="flightQEdge.testCases.BookFlightTicket">
        <test-method is-config="true" signature="launchApp(java.lang.String)[pri:0, instance:flightQEdge.testCases.BookFlightTicket@3e08ff24]" started-at="2024-02-14T18:37:32Z" name="launchApp" finished-at="2024-02-14T18:37:36Z" duration-ms="3605" status="PASS">
          <params>
            <param index="0">
              <value>
                <![CDATA[Edge]]>
              </value>
            </param>
          </params>
          <reporter-output>
          </reporter-output>
        </test-method> <!-- launchApp -->
        <test-method is-config="true" signature="login(java.lang.String, java.lang.String)[pri:0, instance:flightQEdge.testCases.BookFlightTicket@3e08ff24]" started-at="2024-02-14T18:37:41Z" name="login" finished-at="2024-02-14T18:37:42Z" duration-ms="1078" status="PASS">
          <params>
            <param index="0">
              <value>
                <![CDATA[vinodkumarpv1994@gmail.com]]>
              </value>
            </param>
            <param index="1">
              <value>
                <![CDATA[Kumar@1994]]>
              </value>
            </param>
          </params>
          <reporter-output>
          </reporter-output>
        </test-method> <!-- login -->
        <test-method signature="bookFlyTk(java.lang.String, java.lang.String, java.lang.String, java.lang.String)[pri:0, instance:flightQEdge.testCases.BookFlightTicket@3e08ff24]" started-at="2024-02-14T18:37:42Z" name="bookFlyTk" finished-at="2024-02-14T18:37:50Z" duration-ms="8673" status="FAIL">
          <params>
            <param index="0">
              <value>
                <![CDATA[01/02/1994]]>
              </value>
            </param>
            <param index="1">
              <value>
                <![CDATA[Hyderabad]]>
              </value>
            </param>
            <param index="2">
              <value>
                <![CDATA[Kolkatha]]>
              </value>
            </param>
            <param index="3">
              <value>
                <![CDATA[Akhil Kumar]]>
              </value>
            </param>
          </params>
          <exception class="java.lang.AssertionError">
            <message>
              <![CDATA[expected [true] but found [false]]]>
            </message>
            <full-stacktrace>
              <![CDATA[java.lang.AssertionError: expected [true] but found [false]
at org.testng.Assert.fail(Assert.java:96)
at org.testng.Assert.failNotEquals(Assert.java:776)
at org.testng.Assert.assertTrue(Assert.java:44)
at org.testng.Assert.assertTrue(Assert.java:54)
at flightQEdge.testCases.BookFlightTicket.bookFlyTk(BookFlightTicket.java:20)
at java.base/jdk.internal.reflect.DirectMethodHandleAccessor.invoke(DirectMethodHandleAccessor.java:103)
at java.base/java.lang.reflect.Method.invoke(Method.java:580)
at org.testng.internal.MethodInvocationHelper.invokeMethod(MethodInvocationHelper.java:124)
at org.testng.internal.Invoker.invokeMethod(Invoker.java:583)
at org.testng.internal.Invoker.invokeTestMethod(Invoker.java:719)
at org.testng.internal.Invoker.invokeTestMethods(Invoker.java:989)
at org.testng.internal.TestMethodWorker.invokeTestMethods(TestMethodWorker.java:125)
at org.testng.internal.TestMethodWorker.run(TestMethodWorker.java:109)
at org.testng.TestRunner.privateRun(TestRunner.java:648)
at org.testng.TestRunner.run(TestRunner.java:505)
at org.testng.SuiteRunner.runTest(SuiteRunner.java:455)
at org.testng.SuiteRunner.runSequentially(SuiteRunner.java:450)
at org.testng.SuiteRunner.privateRun(SuiteRunner.java:415)
at org.testng.SuiteRunner.run(SuiteRunner.java:364)
at org.testng.SuiteRunnerWorker.runSuite(SuiteRunnerWorker.java:52)
at org.testng.SuiteRunnerWorker.run(SuiteRunnerWorker.java:84)
at org.testng.TestNG.runSuitesSequentially(TestNG.java:1208)
at org.testng.TestNG.runSuitesLocally(TestNG.java:1137)
at org.testng.TestNG.runSuites(TestNG.java:1049)
at org.testng.TestNG.run(TestNG.java:1017)
at org.testng.remote.AbstractRemoteTestNG.run(AbstractRemoteTestNG.java:115)
at org.testng.remote.RemoteTestNG.initAndRun(RemoteTestNG.java:251)
at org.testng.remote.RemoteTestNG.main(RemoteTestNG.java:77)
]]>
            </full-stacktrace>
          </exception> <!-- java.lang.AssertionError -->
          <reporter-output>
          </reporter-output>
        </test-method> <!-- bookFlyTk -->
        <test-method is-config="true" signature="logout()[pri:0, instance:flightQEdge.testCases.BookFlightTicket@3e08ff24]" started-at="2024-02-14T18:37:50Z" name="logout" finished-at="2024-02-14T18:37:51Z" duration-ms="981" status="PASS">
          <reporter-output>
          </reporter-output>
        </test-method> <!-- logout -->
        <test-method is-config="true" signature="closeApp()[pri:0, instance:flightQEdge.testCases.BookFlightTicket@3e08ff24]" started-at="2024-02-14T18:37:51Z" name="closeApp" finished-at="2024-02-14T18:37:51Z" duration-ms="186" status="PASS">
          <reporter-output>
          </reporter-output>
        </test-method> <!-- closeApp -->
      </class> <!-- flightQEdge.testCases.BookFlightTicket -->
    </test> <!-- Book Flight Ticket -->
  </suite> <!-- FlightQedge Test Suite -->
</testng-results>
